[09:44:25.124779] [Import] [info] (th=380013) Log level for 'Import' set to 'info'
[09:44:25.125822] [Import] [info] (th=380013) Importing from /Users/nikolay/Yandex.Disk.localized/MANU/Assets/DocumentationKit/Character/Animation_Mixamo/Dying 2.fbx
[09:44:25.188873] [Import] [info] (th=380013) Imported scene tree:
name: "RootNode"

	name: "G_male_base_armature"
	
		name: "root_bone"
		
			name: "Hips"
			
				name: "spine"
				
					name: "chest_bottom"
					
						name: "chest"
						
							name: "neck"
							
								name: "Head"
								
							name: "shoulder.L"
							
								name: "arm.L"
								
									name: "forearm.L"
									
										name: "hand.L"
										
											name: "f_Thumb1.L"
											
												name: "f_Thumb2.L"
												
													name: "f_Thumb3.L"
													
														name: "f_Thumb4.L"
														
											name: "f_Index1.L"
											
												name: "f_Index2.L"
												
													name: "f_Index3.L"
													
														name: "f_Index4.L"
														
											name: "f_Middle1.L"
											
												name: "f_Middle2.L"
												
													name: "f_Middle3.L"
													
														name: "f_Middle4.L"
														
											name: "f_Ring1.L"
											
												name: "f_Ring2.L"
												
													name: "f_Ring3.L"
													
														name: "f_Ring4.L"
														
											name: "f_Pinky1.L"
											
												name: "f_Pinky2.L"
												
													name: "f_Pinky3.L"
													
														name: "f_Pinky4.L"
														
							name: "shoulder.R"
							
								name: "arm.R"
								
									name: "forearm.R"
									
										name: "hand.R"
										
											name: "f_Thumb1.R"
											
												name: "f_Thumb2.R"
												
													name: "f_Thumb3.R"
													
														name: "f_Thumb4.R"
														
											name: "f_Index1.R"
											
												name: "f_Index2.R"
												
													name: "f_Index3.R"
													
														name: "f_Index4.R"
														
											name: "f_Middle1.R"
											
												name: "f_Middle2.R"
												
													name: "f_Middle3.R"
													
														name: "f_Middle4.R"
														
											name: "f_Ring1.R"
											
												name: "f_Ring2.R"
												
													name: "f_Ring3.R"
													
														name: "f_Ring4.R"
														
											name: "f_Pinky1.R"
											
												name: "f_Pinky2.R"
												
													name: "f_Pinky3.R"
													
														name: "f_Pinky4.R"
														
				name: "leg_up.L"
				
					name: "leg.L"
					
						name: "foot.L"
						
							name: "toe.L"
							
				name: "leg_up.R"
				
					name: "leg.R"
					
						name: "foot.R"
						
							name: "toe.R"
							
	name: "G_male_base"
	numMeshes: 1
	 addr: "0x7ff3b43a6400"
	 name: "Mesh.001"
	 numVertices: "12719"
	 numFaces: "19252"
	
	

[09:44:25.188896] [Import] [info] (th=380013) File loaded successfully
[09:44:25.188903] [Import] [info] (th=380013) Meshes count: 1
[09:44:25.188904] [Import] [info] (th=380013) Materials count: 1
