[22:29:12.309013] [Import] [info] (th=22992) Log level for 'Import' set to 'info'
[22:29:12.309781] [Import] [info] (th=22992) Importing from /Users/nikolay/Yandex.Disk.localized/MANU/Assets/DocumentationKit/Character/Generic_male_base.fbx
[22:29:12.366043] [Import] [info] (th=22992) Imported scene tree:
name: "RootNode"

	name: "G_male_base_armature"
	
		name: "root_bone"
		
			name: "Hips"
			
				name: "spine"
				
					name: "chest_bottom"
					
						name: "chest"
						
							name: "neck"
							
								name: "Head"
								
							name: "shoulder.L"
							
								name: "arm.L"
								
									name: "forearm.L"
									
										name: "hand.L"
										
											name: "f_Thumb1.L"
											
												name: "f_Thumb2.L"
												
													name: "f_Thumb3.L"
													
														name: "f_Thumb4.L"
														
											name: "f_Index1.L"
											
												name: "f_Index2.L"
												
													name: "f_Index3.L"
													
														name: "f_Index4.L"
														
											name: "f_Middle1.L"
											
												name: "f_Middle2.L"
												
													name: "f_Middle3.L"
													
														name: "f_Middle4.L"
														
											name: "f_Ring1.L"
											
												name: "f_Ring2.L"
												
													name: "f_Ring3.L"
													
														name: "f_Ring4.L"
														
											name: "f_Pinky1.L"
											
												name: "f_Pinky2.L"
												
													name: "f_Pinky3.L"
													
														name: "f_Pinky4.L"
														
							name: "shoulder.R"
							
								name: "arm.R"
								
									name: "forearm.R"
									
										name: "hand.R"
										
											name: "f_Thumb1.R"
											
												name: "f_Thumb2.R"
												
													name: "f_Thumb3.R"
													
														name: "f_Thumb4.R"
														
											name: "f_Index1.R"
											
												name: "f_Index2.R"
												
													name: "f_Index3.R"
													
														name: "f_Index4.R"
														
											name: "f_Middle1.R"
											
												name: "f_Middle2.R"
												
													name: "f_Middle3.R"
													
														name: "f_Middle4.R"
														
											name: "f_Ring1.R"
											
												name: "f_Ring2.R"
												
													name: "f_Ring3.R"
													
														name: "f_Ring4.R"
														
											name: "f_Pinky1.R"
											
												name: "f_Pinky2.R"
												
													name: "f_Pinky3.R"
													
														name: "f_Pinky4.R"
														
				name: "leg_up.L"
				
					name: "leg.L"
					
						name: "foot.L"
						
							name: "toe.L"
							
				name: "leg_up.R"
				
					name: "leg.R"
					
						name: "foot.R"
						
							name: "toe.R"
							
	name: "G_male_base"
	numMeshes: 1
	 addr: "0x7fc58894ac00"
	 name: "Mesh.001"
	 numVertices: "12719"
	 numFaces: "19252"
	
	

[22:29:12.366053] [Import] [info] (th=22992) File loaded successfully
[22:29:12.366059] [Import] [info] (th=22992) Meshes count: 1
[22:29:12.366060] [Import] [info] (th=22992) Materials count: 1
[22:29:12.366306] [Import] [info] (th=22992) Textures count (imported): 2
[22:29:30.512288] [Import] [info] (th=22992) Importing from /Users/nikolay/Yandex.Disk.localized/MANU/Assets/DocumentationKit/Character/Generic_male_base2.fbx
[22:29:30.561087] [Import] [info] (th=22992) Imported scene tree:
name: "RootNode"

	name: "G_male_base_armature"
	
		name: "root_bone"
		
			name: "Hips"
			
				name: "spine"
				
					name: "chest_bottom"
					
						name: "chest"
						
							name: "neck"
							
								name: "Head"
								
									name: "Head_end"
									
							name: "shoulder.L"
							
								name: "arm.L"
								
									name: "forearm.L"
									
										name: "hand.L"
										
											name: "f_Thumb1.L"
											
												name: "f_Thumb2.L"
												
													name: "f_Thumb3.L"
													
														name: "f_Thumb4.L"
														
															name: "f_Thumb4.L_end"
															
											name: "f_Index1.L"
											
												name: "f_Index2.L"
												
													name: "f_Index3.L"
													
														name: "f_Index4.L"
														
															name: "f_Index4.L_end"
															
											name: "f_Middle1.L"
											
												name: "f_Middle2.L"
												
													name: "f_Middle3.L"
													
														name: "f_Middle4.L"
														
															name: "f_Middle4.L_end"
															
											name: "f_Ring1.L"
											
												name: "f_Ring2.L"
												
													name: "f_Ring3.L"
													
														name: "f_Ring4.L"
														
															name: "f_Ring4.L_end"
															
											name: "f_Pinky1.L"
											
												name: "f_Pinky2.L"
												
													name: "f_Pinky3.L"
													
														name: "f_Pinky4.L"
														
															name: "f_Pinky4.L_end"
															
							name: "shoulder.R"
							
								name: "arm.R"
								
									name: "forearm.R"
									
										name: "hand.R"
										
											name: "f_Thumb1.R"
											
												name: "f_Thumb2.R"
												
													name: "f_Thumb3.R"
													
														name: "f_Thumb4.R"
														
															name: "f_Thumb4.R_end"
															
											name: "f_Index1.R"
											
												name: "f_Index2.R"
												
													name: "f_Index3.R"
													
														name: "f_Index4.R"
														
															name: "f_Index4.R_end"
															
											name: "f_Middle1.R"
											
												name: "f_Middle2.R"
												
													name: "f_Middle3.R"
													
														name: "f_Middle4.R"
														
															name: "f_Middle4.R_end"
															
											name: "f_Ring1.R"
											
												name: "f_Ring2.R"
												
													name: "f_Ring3.R"
													
														name: "f_Ring4.R"
														
															name: "f_Ring4.R_end"
															
											name: "f_Pinky1.R"
											
												name: "f_Pinky2.R"
												
													name: "f_Pinky3.R"
													
														name: "f_Pinky4.R"
														
															name: "f_Pinky4.R_end"
															
				name: "leg_up.L"
				
					name: "leg.L"
					
						name: "foot.L"
						
							name: "toe.L"
							
								name: "toe.L_end"
								
				name: "leg_up.R"
				
					name: "leg.R"
					
						name: "foot.R"
						
							name: "toe.R"
							
								name: "toe.R_end"
								
	name: "G_male_base"
	numMeshes: 1
	 addr: "0x7fc588ce6600"
	 name: "Mesh.001"
	 numVertices: "12719"
	 numFaces: "19252"
	
	

[22:29:30.561100] [Import] [info] (th=22992) File loaded successfully
[22:29:30.561116] [Import] [info] (th=22992) Meshes count: 1
[22:29:30.561118] [Import] [info] (th=22992) Materials count: 1
[22:29:30.561255] [Import] [info] (th=22992) Textures count (imported): 2
[22:29:48.146408] [Import] [info] (th=22992) Importing from /Users/nikolay/Yandex.Disk.localized/MANU/Assets/DocumentationKit/Character/Animations Grigorii/G_male_02_Run.fbx
[22:29:48.161775] [Import] [info] (th=22992) Imported scene tree:
name: "RootNode"

	name: "G_male_base_armature"
	
		name: "root_bone"
		
			name: "Hips"
			
				name: "spine"
				
					name: "chest_bottom"
					
						name: "chest"
						
							name: "neck"
							
								name: "Head"
								
									name: "Head_end"
									
							name: "shoulder.L"
							
								name: "arm.L"
								
									name: "forearm.L"
									
										name: "hand.L"
										
											name: "f_Thumb1.L"
											
												name: "f_Thumb2.L"
												
													name: "f_Thumb3.L"
													
														name: "f_Thumb3.L_end"
														
											name: "f_Index1.L"
											
												name: "f_Index2.L"
												
													name: "f_Index3.L"
													
														name: "f_Index3.L_end"
														
											name: "f_Middle1.L"
											
												name: "f_Middle2.L"
												
													name: "f_Middle3.L"
													
														name: "f_Middle3.L_end"
														
											name: "f_Ring1.L"
											
												name: "f_Ring2.L"
												
													name: "f_Ring3.L"
													
														name: "f_Ring3.L_end"
														
											name: "f_Pinky1.L"
											
												name: "f_Pinky2.L"
												
													name: "f_Pinky3.L"
													
														name: "f_Pinky3.L_end"
														
							name: "shoulder.R"
							
								name: "arm.R"
								
									name: "forearm.R"
									
										name: "hand.R"
										
											name: "f_Thumb1.R"
											
												name: "f_Thumb2.R"
												
													name: "f_Thumb3.R"
													
														name: "f_Thumb3.R_end"
														
											name: "f_Index1.R"
											
												name: "f_Index2.R"
												
													name: "f_Index3.R"
													
														name: "f_Index3.R_end"
														
											name: "f_Middle1.R"
											
												name: "f_Middle2.R"
												
													name: "f_Middle3.R"
													
														name: "f_Middle3.R_end"
														
											name: "f_Ring1.R"
											
												name: "f_Ring2.R"
												
													name: "f_Ring3.R"
													
														name: "f_Ring3.R_end"
														
											name: "f_Pinky1.R"
											
												name: "f_Pinky2.R"
												
													name: "f_Pinky3.R"
													
														name: "f_Pinky3.R_end"
														
				name: "leg_up.L"
				
					name: "leg.L"
					
						name: "foot.L"
						
							name: "toe.L"
							
								name: "toe.L_end"
								
				name: "leg_up.R"
				
					name: "leg.R"
					
						name: "foot.R"
						
							name: "toe.R"
							
								name: "toe.R_end"
								
			name: "IK_hand.L"
			
				name: "IK_hand.L_end"
				
			name: "IK_hand.R"
			
				name: "IK_hand.R_end"
				
			name: "IK_elbow.L"
			
				name: "IK_elbow.L_end"
				
			name: "IK_elbow.R"
			
				name: "IK_elbow.R_end"
				
			name: "IK_foot.L"
			
				name: "IK_foot.L_end"
				
			name: "IK_foot.R"
			
				name: "IK_foot.R_end"
				
			name: "IK_knee.L"
			
				name: "IK_knee.L_end"
				
			name: "IK_knee.R"
			
				name: "IK_knee.R_end"
				

[22:29:48.161786] [Import] [info] (th=22992) File loaded successfully
[22:29:48.161790] [Import] [info] (th=22992) Meshes count: 0
[22:29:48.161792] [Import] [info] (th=22992) Materials count: 0
[22:29:48.162416] [Import] [error] (th=22992) Cannot find node: IK_elbow.L
[22:29:48.162436] [Import] [error] (th=22992) Cannot find node: IK_elbow.R
[22:29:48.162439] [Import] [error] (th=22992) Cannot find node: IK_foot.L
[22:29:48.162441] [Import] [error] (th=22992) Cannot find node: IK_foot.R
[22:29:48.162445] [Import] [error] (th=22992) Cannot find node: IK_hand.L
[22:29:48.162447] [Import] [error] (th=22992) Cannot find node: IK_hand.R
[22:29:48.162448] [Import] [error] (th=22992) Cannot find node: IK_knee.L
[22:29:48.162450] [Import] [error] (th=22992) Cannot find node: IK_knee.R
[22:29:48.162500] [Import] [error] (th=22992) File's animations are incompatible with the selected MANU's node
[22:29:58.303591] [Import] [info] (th=22992) Importing from /Users/nikolay/Yandex.Disk.localized/MANU/Assets/DocumentationKit/Character/Animations Grigorii/G_male_01_Idle.fbx
[22:29:58.318087] [Import] [info] (th=22992) Imported scene tree:
name: "RootNode"

	name: "G_male_base_armature"
	
		name: "root_bone"
		
			name: "Hips"
			
				name: "spine"
				
					name: "chest_bottom"
					
						name: "chest"
						
							name: "neck"
							
								name: "Head"
								
									name: "Head_end"
									
							name: "shoulder.L"
							
								name: "arm.L"
								
									name: "forearm.L"
									
										name: "hand.L"
										
											name: "f_Thumb1.L"
											
												name: "f_Thumb2.L"
												
													name: "f_Thumb3.L"
													
														name: "f_Thumb3.L_end"
														
											name: "f_Index1.L"
											
												name: "f_Index2.L"
												
													name: "f_Index3.L"
													
														name: "f_Index3.L_end"
														
											name: "f_Middle1.L"
											
												name: "f_Middle2.L"
												
													name: "f_Middle3.L"
													
														name: "f_Middle3.L_end"
														
											name: "f_Ring1.L"
											
												name: "f_Ring2.L"
												
													name: "f_Ring3.L"
													
														name: "f_Ring3.L_end"
														
											name: "f_Pinky1.L"
											
												name: "f_Pinky2.L"
												
													name: "f_Pinky3.L"
													
														name: "f_Pinky3.L_end"
														
							name: "shoulder.R"
							
								name: "arm.R"
								
									name: "forearm.R"
									
										name: "hand.R"
										
											name: "f_Thumb1.R"
											
												name: "f_Thumb2.R"
												
													name: "f_Thumb3.R"
													
														name: "f_Thumb3.R_end"
														
											name: "f_Index1.R"
											
												name: "f_Index2.R"
												
													name: "f_Index3.R"
													
														name: "f_Index3.R_end"
														
											name: "f_Middle1.R"
											
												name: "f_Middle2.R"
												
													name: "f_Middle3.R"
													
														name: "f_Middle3.R_end"
														
											name: "f_Ring1.R"
											
												name: "f_Ring2.R"
												
													name: "f_Ring3.R"
													
														name: "f_Ring3.R_end"
														
											name: "f_Pinky1.R"
											
												name: "f_Pinky2.R"
												
													name: "f_Pinky3.R"
													
														name: "f_Pinky3.R_end"
														
				name: "leg_up.L"
				
					name: "leg.L"
					
						name: "foot.L"
						
							name: "toe.L"
							
								name: "toe.L_end"
								
				name: "leg_up.R"
				
					name: "leg.R"
					
						name: "foot.R"
						
							name: "toe.R"
							
								name: "toe.R_end"
								
			name: "IK_hand.L"
			
				name: "IK_hand.L_end"
				
			name: "IK_hand.R"
			
				name: "IK_hand.R_end"
				
			name: "IK_elbow.L"
			
				name: "IK_elbow.L_end"
				
			name: "IK_elbow.R"
			
				name: "IK_elbow.R_end"
				
			name: "IK_foot.L"
			
				name: "IK_foot.L_end"
				
			name: "IK_foot.R"
			
				name: "IK_foot.R_end"
				
			name: "IK_knee.L"
			
				name: "IK_knee.L_end"
				
			name: "IK_knee.R"
			
				name: "IK_knee.R_end"
				

[22:29:58.318099] [Import] [info] (th=22992) File loaded successfully
[22:29:58.318103] [Import] [info] (th=22992) Meshes count: 0
[22:29:58.318104] [Import] [info] (th=22992) Materials count: 0
[22:29:58.318276] [Import] [error] (th=22992) Cannot find node: IK_elbow.L
[22:29:58.318280] [Import] [error] (th=22992) Cannot find node: IK_elbow.R
[22:29:58.318283] [Import] [error] (th=22992) Cannot find node: IK_foot.L
[22:29:58.318284] [Import] [error] (th=22992) Cannot find node: IK_foot.R
[22:29:58.318286] [Import] [error] (th=22992) Cannot find node: IK_hand.L
[22:29:58.318288] [Import] [error] (th=22992) Cannot find node: IK_hand.R
[22:29:58.318302] [Import] [error] (th=22992) Cannot find node: IK_knee.L
[22:29:58.318303] [Import] [error] (th=22992) Cannot find node: IK_knee.R
[22:29:58.318364] [Import] [error] (th=22992) File's animations are incompatible with the selected MANU's node
[22:30:04.538995] [Import] [info] (th=22992) Importing from /Users/nikolay/Yandex.Disk.localized/MANU/Assets/DocumentationKit/Character/Animations Grigorii/G_male_01_Idle.fbx
[22:30:04.550578] [Import] [info] (th=22992) Imported scene tree:
name: "RootNode"

	name: "G_male_base_armature"
	
		name: "root_bone"
		
			name: "Hips"
			
				name: "spine"
				
					name: "chest_bottom"
					
						name: "chest"
						
							name: "neck"
							
								name: "Head"
								
									name: "Head_end"
									
							name: "shoulder.L"
							
								name: "arm.L"
								
									name: "forearm.L"
									
										name: "hand.L"
										
											name: "f_Thumb1.L"
											
												name: "f_Thumb2.L"
												
													name: "f_Thumb3.L"
													
														name: "f_Thumb3.L_end"
														
											name: "f_Index1.L"
											
												name: "f_Index2.L"
												
													name: "f_Index3.L"
													
														name: "f_Index3.L_end"
														
											name: "f_Middle1.L"
											
												name: "f_Middle2.L"
												
													name: "f_Middle3.L"
													
														name: "f_Middle3.L_end"
														
											name: "f_Ring1.L"
											
												name: "f_Ring2.L"
												
													name: "f_Ring3.L"
													
														name: "f_Ring3.L_end"
														
											name: "f_Pinky1.L"
											
												name: "f_Pinky2.L"
												
													name: "f_Pinky3.L"
													
														name: "f_Pinky3.L_end"
														
							name: "shoulder.R"
							
								name: "arm.R"
								
									name: "forearm.R"
									
										name: "hand.R"
										
											name: "f_Thumb1.R"
											
												name: "f_Thumb2.R"
												
													name: "f_Thumb3.R"
													
														name: "f_Thumb3.R_end"
														
											name: "f_Index1.R"
											
												name: "f_Index2.R"
												
													name: "f_Index3.R"
													
														name: "f_Index3.R_end"
														
											name: "f_Middle1.R"
											
												name: "f_Middle2.R"
												
													name: "f_Middle3.R"
													
														name: "f_Middle3.R_end"
														
											name: "f_Ring1.R"
											
												name: "f_Ring2.R"
												
													name: "f_Ring3.R"
													
														name: "f_Ring3.R_end"
														
											name: "f_Pinky1.R"
											
												name: "f_Pinky2.R"
												
													name: "f_Pinky3.R"
													
														name: "f_Pinky3.R_end"
														
				name: "leg_up.L"
				
					name: "leg.L"
					
						name: "foot.L"
						
							name: "toe.L"
							
								name: "toe.L_end"
								
				name: "leg_up.R"
				
					name: "leg.R"
					
						name: "foot.R"
						
							name: "toe.R"
							
								name: "toe.R_end"
								
			name: "IK_hand.L"
			
				name: "IK_hand.L_end"
				
			name: "IK_hand.R"
			
				name: "IK_hand.R_end"
				
			name: "IK_elbow.L"
			
				name: "IK_elbow.L_end"
				
			name: "IK_elbow.R"
			
				name: "IK_elbow.R_end"
				
			name: "IK_foot.L"
			
				name: "IK_foot.L_end"
				
			name: "IK_foot.R"
			
				name: "IK_foot.R_end"
				
			name: "IK_knee.L"
			
				name: "IK_knee.L_end"
				
			name: "IK_knee.R"
			
				name: "IK_knee.R_end"
				

[22:30:04.550592] [Import] [info] (th=22992) File loaded successfully
[22:30:04.550597] [Import] [info] (th=22992) Meshes count: 0
[22:30:04.550598] [Import] [info] (th=22992) Materials count: 0
[22:30:04.550778] [Import] [error] (th=22992) Cannot find node: IK_elbow.L
[22:30:04.550780] [Import] [error] (th=22992) Cannot find node: IK_elbow.R
[22:30:04.550817] [Import] [error] (th=22992) Cannot find node: IK_foot.L
[22:30:04.550819] [Import] [error] (th=22992) Cannot find node: IK_foot.R
[22:30:04.550821] [Import] [error] (th=22992) Cannot find node: IK_hand.L
[22:30:04.550826] [Import] [error] (th=22992) Cannot find node: IK_hand.R
[22:30:04.550827] [Import] [error] (th=22992) Cannot find node: IK_knee.L
[22:30:04.550829] [Import] [error] (th=22992) Cannot find node: IK_knee.R
[22:30:04.550871] [Import] [error] (th=22992) File's animations are incompatible with the selected MANU's node
[22:30:16.307348] [Import] [info] (th=22992) Importing from /Users/nikolay/Yandex.Disk.localized/MANU/Assets/DocumentationKit/Character/Animation_Mixamo/Backflip.fbx
[22:30:16.372145] [Import] [info] (th=22992) Imported scene tree:
name: "RootNode"

	name: "G_male_base_armature"
	
		name: "root_bone"
		
			name: "Hips"
			
				name: "spine"
				
					name: "chest_bottom"
					
						name: "chest"
						
							name: "neck"
							
								name: "Head"
								
							name: "shoulder.L"
							
								name: "arm.L"
								
									name: "forearm.L"
									
										name: "hand.L"
										
											name: "f_Thumb1.L"
											
												name: "f_Thumb2.L"
												
													name: "f_Thumb3.L"
													
														name: "f_Thumb4.L"
														
											name: "f_Index1.L"
											
												name: "f_Index2.L"
												
													name: "f_Index3.L"
													
														name: "f_Index4.L"
														
											name: "f_Middle1.L"
											
												name: "f_Middle2.L"
												
													name: "f_Middle3.L"
													
														name: "f_Middle4.L"
														
											name: "f_Ring1.L"
											
												name: "f_Ring2.L"
												
													name: "f_Ring3.L"
													
														name: "f_Ring4.L"
														
											name: "f_Pinky1.L"
											
												name: "f_Pinky2.L"
												
													name: "f_Pinky3.L"
													
														name: "f_Pinky4.L"
														
							name: "shoulder.R"
							
								name: "arm.R"
								
									name: "forearm.R"
									
										name: "hand.R"
										
											name: "f_Thumb1.R"
											
												name: "f_Thumb2.R"
												
													name: "f_Thumb3.R"
													
														name: "f_Thumb4.R"
														
											name: "f_Index1.R"
											
												name: "f_Index2.R"
												
													name: "f_Index3.R"
													
														name: "f_Index4.R"
														
											name: "f_Middle1.R"
											
												name: "f_Middle2.R"
												
													name: "f_Middle3.R"
													
														name: "f_Middle4.R"
														
											name: "f_Ring1.R"
											
												name: "f_Ring2.R"
												
													name: "f_Ring3.R"
													
														name: "f_Ring4.R"
														
											name: "f_Pinky1.R"
											
												name: "f_Pinky2.R"
												
													name: "f_Pinky3.R"
													
														name: "f_Pinky4.R"
														
				name: "leg_up.L"
				
					name: "leg.L"
					
						name: "foot.L"
						
							name: "toe.L"
							
				name: "leg_up.R"
				
					name: "leg.R"
					
						name: "foot.R"
						
							name: "toe.R"
							
	name: "G_male_base"
	numMeshes: 1
	 addr: "0x7fc5870e2000"
	 name: "Mesh.001"
	 numVertices: "12719"
	 numFaces: "19252"
	
	

[22:30:16.372161] [Import] [info] (th=22992) File loaded successfully
[22:30:16.372179] [Import] [info] (th=22992) Meshes count: 1
[22:30:16.372182] [Import] [info] (th=22992) Materials count: 1
[22:30:25.774120] [Import] [info] (th=22992) Importing from /Users/nikolay/Yandex.Disk.localized/MANU/Assets/DocumentationKit/Character/Animation_Mixamo/Bboy Uprock.fbx
[22:30:25.854696] [Import] [info] (th=22992) Imported scene tree:
name: "RootNode"

	name: "G_male_base_armature"
	
		name: "root_bone"
		
			name: "Hips"
			
				name: "spine"
				
					name: "chest_bottom"
					
						name: "chest"
						
							name: "neck"
							
								name: "Head"
								
							name: "shoulder.L"
							
								name: "arm.L"
								
									name: "forearm.L"
									
										name: "hand.L"
										
											name: "f_Thumb1.L"
											
												name: "f_Thumb2.L"
												
													name: "f_Thumb3.L"
													
														name: "f_Thumb4.L"
														
											name: "f_Index1.L"
											
												name: "f_Index2.L"
												
													name: "f_Index3.L"
													
														name: "f_Index4.L"
														
											name: "f_Middle1.L"
											
												name: "f_Middle2.L"
												
													name: "f_Middle3.L"
													
														name: "f_Middle4.L"
														
											name: "f_Ring1.L"
											
												name: "f_Ring2.L"
												
													name: "f_Ring3.L"
													
														name: "f_Ring4.L"
														
											name: "f_Pinky1.L"
											
												name: "f_Pinky2.L"
												
													name: "f_Pinky3.L"
													
														name: "f_Pinky4.L"
														
							name: "shoulder.R"
							
								name: "arm.R"
								
									name: "forearm.R"
									
										name: "hand.R"
										
											name: "f_Thumb1.R"
											
												name: "f_Thumb2.R"
												
													name: "f_Thumb3.R"
													
														name: "f_Thumb4.R"
														
											name: "f_Index1.R"
											
												name: "f_Index2.R"
												
													name: "f_Index3.R"
													
														name: "f_Index4.R"
														
											name: "f_Middle1.R"
											
												name: "f_Middle2.R"
												
													name: "f_Middle3.R"
													
														name: "f_Middle4.R"
														
											name: "f_Ring1.R"
											
												name: "f_Ring2.R"
												
													name: "f_Ring3.R"
													
														name: "f_Ring4.R"
														
											name: "f_Pinky1.R"
											
												name: "f_Pinky2.R"
												
													name: "f_Pinky3.R"
													
														name: "f_Pinky4.R"
														
				name: "leg_up.L"
				
					name: "leg.L"
					
						name: "foot.L"
						
							name: "toe.L"
							
				name: "leg_up.R"
				
					name: "leg.R"
					
						name: "foot.R"
						
							name: "toe.R"
							
	name: "G_male_base"
	numMeshes: 1
	 addr: "0x7fc58834ca00"
	 name: "Mesh.001"
	 numVertices: "12719"
	 numFaces: "19252"
	
	

[22:30:25.854717] [Import] [info] (th=22992) File loaded successfully
[22:30:25.854726] [Import] [info] (th=22992) Meshes count: 1
[22:30:25.854729] [Import] [info] (th=22992) Materials count: 1
[22:36:28.855986] [Import] [info] (th=22992) Importing from /Users/nikolay/Yandex.Disk.localized/MANU/Assets/DocumentationKit/Character/Animation_Mixamo/Cheering.fbx
[22:36:28.913569] [Import] [info] (th=22992) Imported scene tree:
name: "RootNode"

	name: "G_male_base_armature"
	
		name: "root_bone"
		
			name: "Hips"
			
				name: "spine"
				
					name: "chest_bottom"
					
						name: "chest"
						
							name: "neck"
							
								name: "Head"
								
							name: "shoulder.L"
							
								name: "arm.L"
								
									name: "forearm.L"
									
										name: "hand.L"
										
											name: "f_Thumb1.L"
											
												name: "f_Thumb2.L"
												
													name: "f_Thumb3.L"
													
														name: "f_Thumb4.L"
														
											name: "f_Index1.L"
											
												name: "f_Index2.L"
												
													name: "f_Index3.L"
													
														name: "f_Index4.L"
														
											name: "f_Middle1.L"
											
												name: "f_Middle2.L"
												
													name: "f_Middle3.L"
													
														name: "f_Middle4.L"
														
											name: "f_Ring1.L"
											
												name: "f_Ring2.L"
												
													name: "f_Ring3.L"
													
														name: "f_Ring4.L"
														
											name: "f_Pinky1.L"
											
												name: "f_Pinky2.L"
												
													name: "f_Pinky3.L"
													
														name: "f_Pinky4.L"
														
							name: "shoulder.R"
							
								name: "arm.R"
								
									name: "forearm.R"
									
										name: "hand.R"
										
											name: "f_Thumb1.R"
											
												name: "f_Thumb2.R"
												
													name: "f_Thumb3.R"
													
														name: "f_Thumb4.R"
														
											name: "f_Index1.R"
											
												name: "f_Index2.R"
												
													name: "f_Index3.R"
													
														name: "f_Index4.R"
														
											name: "f_Middle1.R"
											
												name: "f_Middle2.R"
												
													name: "f_Middle3.R"
													
														name: "f_Middle4.R"
														
											name: "f_Ring1.R"
											
												name: "f_Ring2.R"
												
													name: "f_Ring3.R"
													
														name: "f_Ring4.R"
														
											name: "f_Pinky1.R"
											
												name: "f_Pinky2.R"
												
													name: "f_Pinky3.R"
													
														name: "f_Pinky4.R"
														
				name: "leg_up.L"
				
					name: "leg.L"
					
						name: "foot.L"
						
							name: "toe.L"
							
				name: "leg_up.R"
				
					name: "leg.R"
					
						name: "foot.R"
						
							name: "toe.R"
							
	name: "G_male_base"
	numMeshes: 1
	 addr: "0x7fc58b20e400"
	 name: "Mesh.001"
	 numVertices: "12719"
	 numFaces: "19252"
	
	

[22:36:28.913583] [Import] [info] (th=22992) File loaded successfully
[22:36:28.913590] [Import] [info] (th=22992) Meshes count: 1
[22:36:28.913592] [Import] [info] (th=22992) Materials count: 1
