[21:21:45.795572] [Import] [info] (th=1696440) Log level for 'Import' set to 'info'
[21:21:45.796951] [Import] [info] (th=1696440) Importing from /Users/nikolay/Yandex.Disk.localized/MANU/Assets/DocumentationKit/Character/Animation_Mixamo/Braced Hang Hop Up.fbx
[21:21:45.898555] [Import] [info] (th=1696440) Imported scene tree:
name: "RootNode"

	name: "G_male_base_armature_$AssimpFbx$_Translation"
	
		name: "G_male_base_armature_$AssimpFbx$_PreRotation"
		
			name: "G_male_base_armature_$AssimpFbx$_Rotation"
			
				name: "G_male_base_armature_$AssimpFbx$_Scaling"
				
					name: "G_male_base_armature"
					
						name: "root_bone"
						
							name: "Hips"
							
								name: "spine"
								
									name: "chest_bottom"
									
										name: "chest"
										
											name: "neck"
											
												name: "Head"
												
													name: "Head_end"
													
											name: "shoulder.L"
											
												name: "arm.L"
												
													name: "forearm.L"
													
														name: "hand.L"
														
															name: "f_Thumb1.L"
															
																name: "f_Thumb2.L"
																
																	name: "f_Thumb3.L"
																	
																		name: "f_Thumb4.L"
																		
																			name: "f_Thumb4.L_end"
																			
															name: "f_Index1.L"
															
																name: "f_Index2.L"
																
																	name: "f_Index3.L"
																	
																		name: "f_Index4.L"
																		
																			name: "f_Index4.L_end"
																			
															name: "f_Middle1.L"
															
																name: "f_Middle2.L"
																
																	name: "f_Middle3.L"
																	
																		name: "f_Middle4.L"
																		
																			name: "f_Middle4.L_end"
																			
															name: "f_Ring1.L"
															
																name: "f_Ring2.L"
																
																	name: "f_Ring3.L"
																	
																		name: "f_Ring4.L"
																		
																			name: "f_Ring4.L_end"
																			
															name: "f_Pinky1.L"
															
																name: "f_Pinky2.L"
																
																	name: "f_Pinky3.L"
																	
																		name: "f_Pinky4.L"
																		
																			name: "f_Pinky4.L_end"
																			
											name: "shoulder.R"
											
												name: "arm.R"
												
													name: "forearm.R"
													
														name: "hand.R"
														
															name: "f_Thumb1.R"
															
																name: "f_Thumb2.R"
																
																	name: "f_Thumb3.R"
																	
																		name: "f_Thumb4.R"
																		
																			name: "f_Thumb4.R_end"
																			
															name: "f_Index1.R"
															
																name: "f_Index2.R"
																
																	name: "f_Index3.R"
																	
																		name: "f_Index4.R"
																		
																			name: "f_Index4.R_end"
																			
															name: "f_Middle1.R"
															
																name: "f_Middle2.R"
																
																	name: "f_Middle3.R"
																	
																		name: "f_Middle4.R"
																		
																			name: "f_Middle4.R_end"
																			
															name: "f_Ring1.R"
															
																name: "f_Ring2.R"
																
																	name: "f_Ring3.R"
																	
																		name: "f_Ring4.R"
																		
																			name: "f_Ring4.R_end"
																			
															name: "f_Pinky1.R"
															
																name: "f_Pinky2.R"
																
																	name: "f_Pinky3.R"
																	
																		name: "f_Pinky4.R"
																		
																			name: "f_Pinky4.R_end"
																			
								name: "leg_up.L"
								
									name: "leg.L"
									
										name: "foot.L"
										
											name: "toe.L"
											
												name: "toe.L_end"
												
								name: "leg_up.R"
								
									name: "leg.R"
									
										name: "foot.R"
										
											name: "toe.R"
											
												name: "toe.R_end"
												
	name: "G_male_base"
	numMeshes: 1
	 addr: "0x7ff960985000"
	 name: "Mesh.001"
	 numVertices: "12719"
	 numFaces: "19252"
	
	

[21:21:45.898581] [Import] [info] (th=1696440) File loaded successfully
[21:21:45.898587] [Import] [info] (th=1696440) Meshes count: 1
[21:21:45.898588] [Import] [info] (th=1696440) Materials count: 1
[21:21:45.899308] [Import] [error] (th=1696440) Cannot find node: f_Index4.L
[21:21:45.899315] [Import] [error] (th=1696440) Cannot find node: f_Index4.R
[21:21:45.899327] [Import] [error] (th=1696440) Cannot find node: f_Middle4.L
[21:21:45.899339] [Import] [error] (th=1696440) Cannot find node: f_Middle4.R
[21:21:45.899357] [Import] [error] (th=1696440) Cannot find node: f_Pinky4.L
[21:21:45.899359] [Import] [error] (th=1696440) Cannot find node: f_Pinky4.R
[21:21:45.899366] [Import] [error] (th=1696440) Cannot find node: f_Ring4.L
[21:21:45.899368] [Import] [error] (th=1696440) Cannot find node: f_Ring4.R
[21:21:45.899375] [Import] [error] (th=1696440) Cannot find node: f_Thumb4.L
[21:21:45.899376] [Import] [error] (th=1696440) Cannot find node: f_Thumb4.R
[21:21:45.899394] [Import] [error] (th=1696440) Cannot find node: G_male_base_armature_$AssimpFbx$_Translation
[21:21:45.899397] [Import] [error] (th=1696440) Cannot find node: G_male_base_armature_$AssimpFbx$_Rotation
[21:21:45.899441] [Import] [error] (th=1696440) File's animations are incompatible with the selected MANU's node
[21:23:51.783015] [Import] [info] (th=1696440) Importing from /Users/nikolay/Yandex.Disk.localized/MANU/Assets/DocumentationKit/Character/Animation_Mixamo/Braced Hang Hop Up.fbx
[21:23:51.824230] [Import] [info] (th=1696440) Imported scene tree:
name: "RootNode"

	name: "G_male_base_armature"
	
		name: "root_bone"
		
			name: "Hips"
			
				name: "spine"
				
					name: "chest_bottom"
					
						name: "chest"
						
							name: "neck"
							
								name: "Head"
								
							name: "shoulder.L"
							
								name: "arm.L"
								
									name: "forearm.L"
									
										name: "hand.L"
										
											name: "f_Thumb1.L"
											
												name: "f_Thumb2.L"
												
													name: "f_Thumb3.L"
													
														name: "f_Thumb4.L"
														
											name: "f_Index1.L"
											
												name: "f_Index2.L"
												
													name: "f_Index3.L"
													
														name: "f_Index4.L"
														
											name: "f_Middle1.L"
											
												name: "f_Middle2.L"
												
													name: "f_Middle3.L"
													
														name: "f_Middle4.L"
														
											name: "f_Ring1.L"
											
												name: "f_Ring2.L"
												
													name: "f_Ring3.L"
													
														name: "f_Ring4.L"
														
											name: "f_Pinky1.L"
											
												name: "f_Pinky2.L"
												
													name: "f_Pinky3.L"
													
														name: "f_Pinky4.L"
														
							name: "shoulder.R"
							
								name: "arm.R"
								
									name: "forearm.R"
									
										name: "hand.R"
										
											name: "f_Thumb1.R"
											
												name: "f_Thumb2.R"
												
													name: "f_Thumb3.R"
													
														name: "f_Thumb4.R"
														
											name: "f_Index1.R"
											
												name: "f_Index2.R"
												
													name: "f_Index3.R"
													
														name: "f_Index4.R"
														
											name: "f_Middle1.R"
											
												name: "f_Middle2.R"
												
													name: "f_Middle3.R"
													
														name: "f_Middle4.R"
														
											name: "f_Ring1.R"
											
												name: "f_Ring2.R"
												
													name: "f_Ring3.R"
													
														name: "f_Ring4.R"
														
											name: "f_Pinky1.R"
											
												name: "f_Pinky2.R"
												
													name: "f_Pinky3.R"
													
														name: "f_Pinky4.R"
														
				name: "leg_up.L"
				
					name: "leg.L"
					
						name: "foot.L"
						
							name: "toe.L"
							
				name: "leg_up.R"
				
					name: "leg.R"
					
						name: "foot.R"
						
							name: "toe.R"
							
	name: "G_male_base"
	numMeshes: 1
	 addr: "0x7ff95508a200"
	 name: "Mesh.001"
	 numVertices: "12719"
	 numFaces: "19252"
	
	

[21:23:51.824241] [Import] [info] (th=1696440) File loaded successfully
[21:23:51.824246] [Import] [info] (th=1696440) Meshes count: 1
[21:23:51.824248] [Import] [info] (th=1696440) Materials count: 1
[21:27:25.225741] [Import] [info] (th=1696440) Importing from /Users/nikolay/Yandex.Disk.localized/MANU/Assets/DocumentationKit/Character/Animation_Mixamo/Braced Hang Hop Up.fbx
[21:27:25.265764] [Import] [info] (th=1696440) Imported scene tree:
name: "RootNode"

	name: "G_male_base_armature"
	
		name: "root_bone"
		
			name: "Hips"
			
				name: "spine"
				
					name: "chest_bottom"
					
						name: "chest"
						
							name: "neck"
							
								name: "Head"
								
							name: "shoulder.L"
							
								name: "arm.L"
								
									name: "forearm.L"
									
										name: "hand.L"
										
											name: "f_Thumb1.L"
											
												name: "f_Thumb2.L"
												
													name: "f_Thumb3.L"
													
														name: "f_Thumb4.L"
														
											name: "f_Index1.L"
											
												name: "f_Index2.L"
												
													name: "f_Index3.L"
													
														name: "f_Index4.L"
														
											name: "f_Middle1.L"
											
												name: "f_Middle2.L"
												
													name: "f_Middle3.L"
													
														name: "f_Middle4.L"
														
											name: "f_Ring1.L"
											
												name: "f_Ring2.L"
												
													name: "f_Ring3.L"
													
														name: "f_Ring4.L"
														
											name: "f_Pinky1.L"
											
												name: "f_Pinky2.L"
												
													name: "f_Pinky3.L"
													
														name: "f_Pinky4.L"
														
							name: "shoulder.R"
							
								name: "arm.R"
								
									name: "forearm.R"
									
										name: "hand.R"
										
											name: "f_Thumb1.R"
											
												name: "f_Thumb2.R"
												
													name: "f_Thumb3.R"
													
														name: "f_Thumb4.R"
														
											name: "f_Index1.R"
											
												name: "f_Index2.R"
												
													name: "f_Index3.R"
													
														name: "f_Index4.R"
														
											name: "f_Middle1.R"
											
												name: "f_Middle2.R"
												
													name: "f_Middle3.R"
													
														name: "f_Middle4.R"
														
											name: "f_Ring1.R"
											
												name: "f_Ring2.R"
												
													name: "f_Ring3.R"
													
														name: "f_Ring4.R"
														
											name: "f_Pinky1.R"
											
												name: "f_Pinky2.R"
												
													name: "f_Pinky3.R"
													
														name: "f_Pinky4.R"
														
				name: "leg_up.L"
				
					name: "leg.L"
					
						name: "foot.L"
						
							name: "toe.L"
							
				name: "leg_up.R"
				
					name: "leg.R"
					
						name: "foot.R"
						
							name: "toe.R"
							
	name: "G_male_base"
	numMeshes: 1
	 addr: "0x7ff9550c3600"
	 name: "Mesh.001"
	 numVertices: "12719"
	 numFaces: "19252"
	
	

[21:27:25.265785] [Import] [info] (th=1696440) File loaded successfully
[21:27:25.265790] [Import] [info] (th=1696440) Meshes count: 1
[21:27:25.265791] [Import] [info] (th=1696440) Materials count: 1
[21:30:35.131423] [Import] [info] (th=1696440) Importing from /Users/nikolay/Yandex.Disk.localized/MANU/Assets/DocumentationKit/Character/Animation_Mixamo/Braced Hang Hop Up (1).fbx
[21:30:35.174476] [Import] [info] (th=1696440) Imported scene tree:
name: "RootNode"

	name: "G_male_base_armature"
	
		name: "root_bone"
		
			name: "Hips"
			
				name: "spine"
				
					name: "chest_bottom"
					
						name: "chest"
						
							name: "neck"
							
								name: "Head"
								
							name: "shoulder.L"
							
								name: "arm.L"
								
									name: "forearm.L"
									
										name: "hand.L"
										
											name: "f_Thumb1.L"
											
												name: "f_Thumb2.L"
												
													name: "f_Thumb3.L"
													
														name: "f_Thumb4.L"
														
											name: "f_Index1.L"
											
												name: "f_Index2.L"
												
													name: "f_Index3.L"
													
														name: "f_Index4.L"
														
											name: "f_Middle1.L"
											
												name: "f_Middle2.L"
												
													name: "f_Middle3.L"
													
														name: "f_Middle4.L"
														
											name: "f_Ring1.L"
											
												name: "f_Ring2.L"
												
													name: "f_Ring3.L"
													
														name: "f_Ring4.L"
														
											name: "f_Pinky1.L"
											
												name: "f_Pinky2.L"
												
													name: "f_Pinky3.L"
													
														name: "f_Pinky4.L"
														
							name: "shoulder.R"
							
								name: "arm.R"
								
									name: "forearm.R"
									
										name: "hand.R"
										
											name: "f_Thumb1.R"
											
												name: "f_Thumb2.R"
												
													name: "f_Thumb3.R"
													
														name: "f_Thumb4.R"
														
											name: "f_Index1.R"
											
												name: "f_Index2.R"
												
													name: "f_Index3.R"
													
														name: "f_Index4.R"
														
											name: "f_Middle1.R"
											
												name: "f_Middle2.R"
												
													name: "f_Middle3.R"
													
														name: "f_Middle4.R"
														
											name: "f_Ring1.R"
											
												name: "f_Ring2.R"
												
													name: "f_Ring3.R"
													
														name: "f_Ring4.R"
														
											name: "f_Pinky1.R"
											
												name: "f_Pinky2.R"
												
													name: "f_Pinky3.R"
													
														name: "f_Pinky4.R"
														
				name: "leg_up.L"
				
					name: "leg.L"
					
						name: "foot.L"
						
							name: "toe.L"
							
				name: "leg_up.R"
				
					name: "leg.R"
					
						name: "foot.R"
						
							name: "toe.R"
							
	name: "G_male_base"
	numMeshes: 1
	 addr: "0x7ff9694ce200"
	 name: "Mesh.001"
	 numVertices: "12719"
	 numFaces: "19252"
	
	

[21:30:35.174488] [Import] [info] (th=1696440) File loaded successfully
[21:30:35.174492] [Import] [info] (th=1696440) Meshes count: 1
[21:30:35.174494] [Import] [info] (th=1696440) Materials count: 1
[22:54:13.355333] [Import] [info] (th=1696440) Importing from /Users/nikolay/Yandex.Disk.localized/MANU/Assets/DocumentationKit/Character/Animation_Mixamo/Bored.fbx
[22:54:13.406485] [Import] [info] (th=1696440) Imported scene tree:
name: "RootNode"

	name: "G_male_base_armature"
	
		name: "root_bone"
		
			name: "Hips"
			
				name: "spine"
				
					name: "chest_bottom"
					
						name: "chest"
						
							name: "neck"
							
								name: "Head"
								
							name: "shoulder.L"
							
								name: "arm.L"
								
									name: "forearm.L"
									
										name: "hand.L"
										
											name: "f_Thumb1.L"
											
												name: "f_Thumb2.L"
												
													name: "f_Thumb3.L"
													
														name: "f_Thumb4.L"
														
											name: "f_Index1.L"
											
												name: "f_Index2.L"
												
													name: "f_Index3.L"
													
														name: "f_Index4.L"
														
											name: "f_Middle1.L"
											
												name: "f_Middle2.L"
												
													name: "f_Middle3.L"
													
														name: "f_Middle4.L"
														
											name: "f_Ring1.L"
											
												name: "f_Ring2.L"
												
													name: "f_Ring3.L"
													
														name: "f_Ring4.L"
														
											name: "f_Pinky1.L"
											
												name: "f_Pinky2.L"
												
													name: "f_Pinky3.L"
													
														name: "f_Pinky4.L"
														
							name: "shoulder.R"
							
								name: "arm.R"
								
									name: "forearm.R"
									
										name: "hand.R"
										
											name: "f_Thumb1.R"
											
												name: "f_Thumb2.R"
												
													name: "f_Thumb3.R"
													
														name: "f_Thumb4.R"
														
											name: "f_Index1.R"
											
												name: "f_Index2.R"
												
													name: "f_Index3.R"
													
														name: "f_Index4.R"
														
											name: "f_Middle1.R"
											
												name: "f_Middle2.R"
												
													name: "f_Middle3.R"
													
														name: "f_Middle4.R"
														
											name: "f_Ring1.R"
											
												name: "f_Ring2.R"
												
													name: "f_Ring3.R"
													
														name: "f_Ring4.R"
														
											name: "f_Pinky1.R"
											
												name: "f_Pinky2.R"
												
													name: "f_Pinky3.R"
													
														name: "f_Pinky4.R"
														
				name: "leg_up.L"
				
					name: "leg.L"
					
						name: "foot.L"
						
							name: "toe.L"
							
				name: "leg_up.R"
				
					name: "leg.R"
					
						name: "foot.R"
						
							name: "toe.R"
							
	name: "G_male_base"
	numMeshes: 1
	 addr: "0x7ff95369c400"
	 name: "Mesh.001"
	 numVertices: "12719"
	 numFaces: "19252"
	
	

[22:54:13.406506] [Import] [info] (th=1696440) File loaded successfully
[22:54:13.406529] [Import] [info] (th=1696440) Meshes count: 1
[22:54:13.406541] [Import] [info] (th=1696440) Materials count: 1
[22:58:50.304976] [Import] [info] (th=1696440) Importing from /Users/nikolay/Yandex.Disk.localized/MANU/Assets/DocumentationKit/Character/Animation_Mixamo/Clapping.fbx
[22:58:50.348129] [Import] [info] (th=1696440) Imported scene tree:
name: "RootNode"

	name: "G_male_base_armature"
	
		name: "root_bone"
		
			name: "Hips"
			
				name: "spine"
				
					name: "chest_bottom"
					
						name: "chest"
						
							name: "neck"
							
								name: "Head"
								
							name: "shoulder.L"
							
								name: "arm.L"
								
									name: "forearm.L"
									
										name: "hand.L"
										
											name: "f_Thumb1.L"
											
												name: "f_Thumb2.L"
												
													name: "f_Thumb3.L"
													
														name: "f_Thumb4.L"
														
											name: "f_Index1.L"
											
												name: "f_Index2.L"
												
													name: "f_Index3.L"
													
														name: "f_Index4.L"
														
											name: "f_Middle1.L"
											
												name: "f_Middle2.L"
												
													name: "f_Middle3.L"
													
														name: "f_Middle4.L"
														
											name: "f_Ring1.L"
											
												name: "f_Ring2.L"
												
													name: "f_Ring3.L"
													
														name: "f_Ring4.L"
														
											name: "f_Pinky1.L"
											
												name: "f_Pinky2.L"
												
													name: "f_Pinky3.L"
													
														name: "f_Pinky4.L"
														
							name: "shoulder.R"
							
								name: "arm.R"
								
									name: "forearm.R"
									
										name: "hand.R"
										
											name: "f_Thumb1.R"
											
												name: "f_Thumb2.R"
												
													name: "f_Thumb3.R"
													
														name: "f_Thumb4.R"
														
											name: "f_Index1.R"
											
												name: "f_Index2.R"
												
													name: "f_Index3.R"
													
														name: "f_Index4.R"
														
											name: "f_Middle1.R"
											
												name: "f_Middle2.R"
												
													name: "f_Middle3.R"
													
														name: "f_Middle4.R"
														
											name: "f_Ring1.R"
											
												name: "f_Ring2.R"
												
													name: "f_Ring3.R"
													
														name: "f_Ring4.R"
														
											name: "f_Pinky1.R"
											
												name: "f_Pinky2.R"
												
													name: "f_Pinky3.R"
													
														name: "f_Pinky4.R"
														
				name: "leg_up.L"
				
					name: "leg.L"
					
						name: "foot.L"
						
							name: "toe.L"
							
				name: "leg_up.R"
				
					name: "leg.R"
					
						name: "foot.R"
						
							name: "toe.R"
							
	name: "G_male_base"
	numMeshes: 1
	 addr: "0x7ff96a50f400"
	 name: "Mesh.001"
	 numVertices: "12719"
	 numFaces: "19252"
	
	

[22:58:50.348162] [Import] [info] (th=1696440) File loaded successfully
[22:58:50.348168] [Import] [info] (th=1696440) Meshes count: 1
[22:58:50.348169] [Import] [info] (th=1696440) Materials count: 1
[23:01:04.770840] [Import] [info] (th=1696440) Importing from /Users/nikolay/Yandex.Disk.localized/MANU/Assets/DocumentationKit/Character/Animation_Mixamo/Reacting.fbx
[23:01:04.816894] [Import] [info] (th=1696440) Imported scene tree:
name: "RootNode"

	name: "G_male_base_armature"
	
		name: "root_bone"
		
			name: "Hips"
			
				name: "spine"
				
					name: "chest_bottom"
					
						name: "chest"
						
							name: "neck"
							
								name: "Head"
								
							name: "shoulder.L"
							
								name: "arm.L"
								
									name: "forearm.L"
									
										name: "hand.L"
										
											name: "f_Thumb1.L"
											
												name: "f_Thumb2.L"
												
													name: "f_Thumb3.L"
													
														name: "f_Thumb4.L"
														
											name: "f_Index1.L"
											
												name: "f_Index2.L"
												
													name: "f_Index3.L"
													
														name: "f_Index4.L"
														
											name: "f_Middle1.L"
											
												name: "f_Middle2.L"
												
													name: "f_Middle3.L"
													
														name: "f_Middle4.L"
														
											name: "f_Ring1.L"
											
												name: "f_Ring2.L"
												
													name: "f_Ring3.L"
													
														name: "f_Ring4.L"
														
											name: "f_Pinky1.L"
											
												name: "f_Pinky2.L"
												
													name: "f_Pinky3.L"
													
														name: "f_Pinky4.L"
														
							name: "shoulder.R"
							
								name: "arm.R"
								
									name: "forearm.R"
									
										name: "hand.R"
										
											name: "f_Thumb1.R"
											
												name: "f_Thumb2.R"
												
													name: "f_Thumb3.R"
													
														name: "f_Thumb4.R"
														
											name: "f_Index1.R"
											
												name: "f_Index2.R"
												
													name: "f_Index3.R"
													
														name: "f_Index4.R"
														
											name: "f_Middle1.R"
											
												name: "f_Middle2.R"
												
													name: "f_Middle3.R"
													
														name: "f_Middle4.R"
														
											name: "f_Ring1.R"
											
												name: "f_Ring2.R"
												
													name: "f_Ring3.R"
													
														name: "f_Ring4.R"
														
											name: "f_Pinky1.R"
											
												name: "f_Pinky2.R"
												
													name: "f_Pinky3.R"
													
														name: "f_Pinky4.R"
														
				name: "leg_up.L"
				
					name: "leg.L"
					
						name: "foot.L"
						
							name: "toe.L"
							
				name: "leg_up.R"
				
					name: "leg.R"
					
						name: "foot.R"
						
							name: "toe.R"
							
	name: "G_male_base"
	numMeshes: 1
	 addr: "0x7ff96aecaa00"
	 name: "Mesh.001"
	 numVertices: "12719"
	 numFaces: "19252"
	
	

[23:01:04.816905] [Import] [info] (th=1696440) File loaded successfully
[23:01:04.816910] [Import] [info] (th=1696440) Meshes count: 1
[23:01:04.817785] [Import] [info] (th=1696440) Materials count: 1
[23:02:16.891149] [Import] [info] (th=1696440) Importing from /Users/nikolay/Yandex.Disk.localized/MANU/Assets/DocumentationKit/Character/Animation_Mixamo/Cheering.fbx
[23:02:16.932618] [Import] [info] (th=1696440) Imported scene tree:
name: "RootNode"

	name: "G_male_base_armature"
	
		name: "root_bone"
		
			name: "Hips"
			
				name: "spine"
				
					name: "chest_bottom"
					
						name: "chest"
						
							name: "neck"
							
								name: "Head"
								
							name: "shoulder.L"
							
								name: "arm.L"
								
									name: "forearm.L"
									
										name: "hand.L"
										
											name: "f_Thumb1.L"
											
												name: "f_Thumb2.L"
												
													name: "f_Thumb3.L"
													
														name: "f_Thumb4.L"
														
											name: "f_Index1.L"
											
												name: "f_Index2.L"
												
													name: "f_Index3.L"
													
														name: "f_Index4.L"
														
											name: "f_Middle1.L"
											
												name: "f_Middle2.L"
												
													name: "f_Middle3.L"
													
														name: "f_Middle4.L"
														
											name: "f_Ring1.L"
											
												name: "f_Ring2.L"
												
													name: "f_Ring3.L"
													
														name: "f_Ring4.L"
														
											name: "f_Pinky1.L"
											
												name: "f_Pinky2.L"
												
													name: "f_Pinky3.L"
													
														name: "f_Pinky4.L"
														
							name: "shoulder.R"
							
								name: "arm.R"
								
									name: "forearm.R"
									
										name: "hand.R"
										
											name: "f_Thumb1.R"
											
												name: "f_Thumb2.R"
												
													name: "f_Thumb3.R"
													
														name: "f_Thumb4.R"
														
											name: "f_Index1.R"
											
												name: "f_Index2.R"
												
													name: "f_Index3.R"
													
														name: "f_Index4.R"
														
											name: "f_Middle1.R"
											
												name: "f_Middle2.R"
												
													name: "f_Middle3.R"
													
														name: "f_Middle4.R"
														
											name: "f_Ring1.R"
											
												name: "f_Ring2.R"
												
													name: "f_Ring3.R"
													
														name: "f_Ring4.R"
														
											name: "f_Pinky1.R"
											
												name: "f_Pinky2.R"
												
													name: "f_Pinky3.R"
													
														name: "f_Pinky4.R"
														
				name: "leg_up.L"
				
					name: "leg.L"
					
						name: "foot.L"
						
							name: "toe.L"
							
				name: "leg_up.R"
				
					name: "leg.R"
					
						name: "foot.R"
						
							name: "toe.R"
							
	name: "G_male_base"
	numMeshes: 1
	 addr: "0x7ff969a4d000"
	 name: "Mesh.001"
	 numVertices: "12719"
	 numFaces: "19252"
	
	

[23:02:16.932641] [Import] [info] (th=1696440) File loaded successfully
[23:02:16.932656] [Import] [info] (th=1696440) Meshes count: 1
[23:02:16.932658] [Import] [info] (th=1696440) Materials count: 1
