[16:22:05.773895] [SceneFactory] [info] (th=23152) Log level for 'SceneFactory' set to 'info'
[16:22:06.070340] [SceneFactory] [info] (th=23152) Plane is created: id: 29DE72BB-96FD-43BB-9958-A8DBDFAF74D8
[16:26:02.992781] [SceneFactory] [info] (th=26752) Log level for 'SceneFactory' set to 'info'
[17:24:12.350207] [SceneFactory] [info] (th=26752) Log level for 'SceneFactory' set to 'info'
[17:24:34.816468] [SceneFactory] [info] (th=26752) Box is created: id: B3EA824C-4CE0-41A7-B732-72892659555B
[17:39:10.175169] [SceneFactory] [info] (th=26752) Plane is created: id: B1DABCC8-558A-4B3C-87C6-1371A80D40D7
[21:02:34.894949] [SceneFactory] [info] (th=26752) Log level for 'SceneFactory' set to 'info'
[21:35:30.670245] [SceneFactory] [info] (th=26752) Log level for 'SceneFactory' set to 'info'
[22:17:12.947930] [SceneFactory] [info] (th=26752) Log level for 'SceneFactory' set to 'info'
[23:47:00.441428] [SceneFactory] [info] (th=26752) Log level for 'SceneFactory' set to 'info'
[00:12:12.408664] [SceneFactory] [info] (th=26752) GhostObject is created: id: C83C96C7-50E8-422B-A9D8-BCED12C5325A
[00:14:26.209425] [SceneFactory] [info] (th=26752) GhostObject is created: id: 04CBE742-11BD-41D5-848B-B6ACD9A8662B
[00:28:47.701000] [SceneFactory] [info] (th=26752) GhostObject is created: id: AF10CF16-987B-4F71-8084-5C65727250D4
[00:36:38.733638] [SceneFactory] [info] (th=26752) GhostObject is created: id: BF61773A-867B-4EA7-91A3-5DA15935AAB5
[09:22:03.266600] [SceneFactory] [info] (th=7268) Log level for 'SceneFactory' set to 'info'
[15:54:32.073750] [SceneFactory] [info] (th=8180) Log level for 'SceneFactory' set to 'info'
[18:47:13.693203] [SceneFactory] [info] (th=204) Log level for 'SceneFactory' set to 'info'
[07:38:01.157821] [SceneFactory] [info] (th=928) Log level for 'SceneFactory' set to 'info'
[11:43:52.603893] [SceneFactory] [info] (th=23056) Log level for 'SceneFactory' set to 'info'
[13:02:38.937542] [SceneFactory] [info] (th=18040) Log level for 'SceneFactory' set to 'info'
[13:36:44.305282] [SceneFactory] [info] (th=18332) Log level for 'SceneFactory' set to 'info'
[13:36:44.558506] [SceneFactory] [info] (th=18332) GhostObject is created: id: 75A40138-7BBB-4E2F-94D1-BA82724D37A1
[13:44:31.665408] [SceneFactory] [info] (th=18332) GhostObject is created: id: 392476CC-9820-41D5-B7BE-8ED9FEAB78A0
[14:41:29.512266] [SceneFactory] [info] (th=18332) GhostObject is created: id: D51462D4-6501-4C12-A9AA-69CC76BE9863
[14:41:42.843189] [SceneFactory] [info] (th=18332) GhostObject is created: id: 007E5432-79FB-4EE8-A3F7-D7C5A946D4D3
[16:00:19.726418] [SceneFactory] [info] (th=21972) Log level for 'SceneFactory' set to 'info'
[19:23:36.090378] [SceneFactory] [info] (th=1272458) Log level for 'SceneFactory' set to 'info'
[19:23:36.090473] [SceneFactory] [info] (th=1272458) Plane is created: id: 0E3B766E-EB43-40D7-8FA2-05565BADCD05
[11:34:51.787835] [SceneFactory] [info] (th=1331554) Log level for 'SceneFactory' set to 'info'
[12:21:22.788947] [SceneFactory] [info] (th=1357621) Log level for 'SceneFactory' set to 'info'
[01:38:44.198687] [SceneFactory] [info] (th=1607877) Log level for 'SceneFactory' set to 'info'
[01:38:44.199317] [SceneFactory] [info] (th=1607877) Light is created: id: E1BB034D-EF3C-4E7F-A661-3C70C465AB26
[03:44:01.898073] [SceneFactory] [info] (th=1607877) GhostObject is created: id: CE789466-AD69-493F-B4FB-91D742D8C322
[16:43:54.482447] [SceneFactory] [info] (th=2991077) Log level for 'SceneFactory' set to 'info'
[16:43:54.482735] [SceneFactory] [info] (th=2991077) Capsule is created: id: 81807C41-41A8-427F-97FA-A15A2CFA8C31
[16:44:23.350785] [SceneFactory] [info] (th=2991077) GhostObject is created: id: 2144817A-F190-482E-B99F-61FA7FABA140
[17:10:52.796873] [SceneFactory] [info] (th=2991077) Box is created: id: C6BDACD0-31D5-44EC-BDF0-693B873633EC
